Base path: /Applications/Unity/Unity.app/Contents
Pipe name: \\.\pipe\UnityShaderCompiler-1--1605094956
Cmd: getPlatforms
Cmd: preprocess
  insize=1297 outsize=609 ok=1
Cmd: compileSnippet
  api=0 type=0 insize=990 outsize=397 kw= ok=1
Cmd: compileSnippet
  api=0 type=1 insize=990 outsize=225 kw= ok=1
Cmd: preprocess
  insize=2244 outsize=1562 ok=1
Cmd: compileSnippet
  api=0 type=0 insize=984 outsize=397 kw= ok=1
Cmd: compileSnippet
  api=0 type=1 insize=984 outsize=196 kw= ok=1
Cmd: preprocess
  insize=2410 outsize=1760 ok=1
Cmd: compileSnippet
  api=0 type=0 insize=952 outsize=397 kw= ok=1
Cmd: compileSnippet
  api=0 type=1 insize=952 outsize=222 kw= ok=1
Cmd: preprocess
  insize=752 outsize=249 ok=1
Cmd: compileSnippet
  api=0 type=0 insize=803 outsize=365 kw= ok=1
Cmd: compileSnippet
  api=0 type=1 insize=803 outsize=98 kw= ok=1
Cmd: preprocess
  insize=1445 outsize=1442 ok=1
Cmd: preprocess
  insize=1507 outsize=629 ok=1
Cmd: compileSnippet
  api=0 type=0 insize=1179 outsize=397 kw= ok=1
Cmd: compileSnippet
  api=0 type=1 insize=1179 outsize=244 kw= ok=1
